CRITICAL - 2024-04-17 04:49:33 --> ErrorException: include(D:\git\project.nuntius\cores\nuntius\vendor\composer/../../app/Controllers/Home.php): Failed to open stream: No such file or directory
[Method: GET, Route: /]
in VENDORPATH\composer\ClassLoader.php on line 576.
 1 VENDORPATH\composer\ClassLoader.php(576): CodeIgniter\Debug\Exceptions->errorHandler(2, 'include(D:\\git\\project.nuntius\\cores\\nuntius\\vendor\\composer/../../app/Controllers/Home.php): Failed to open stream: No such file or directory', 'D:\\git\\project.nuntius\\cores\\nuntius\\vendor\\composer\\ClassLoader.php', 576)
 2 VENDORPATH\composer\ClassLoader.php(576): include()
 3 VENDORPATH\composer\ClassLoader.php(427): Composer\Autoload\{closure}('D:\\git\\project.nuntius\\cores\\nuntius\\vendor\\composer/../../app/Controllers/Home.php')
 4 [internal function]: Composer\Autoload\ClassLoader->loadClass('App\\Controllers\\Home')
 5 SYSTEMPATH\CodeIgniter.php(887): class_exists('\\App\\Controllers\\Home', true)
 6 SYSTEMPATH\CodeIgniter.php(496): CodeIgniter\CodeIgniter->startController()
 7 SYSTEMPATH\CodeIgniter.php(355): CodeIgniter\CodeIgniter->handleRequest(null, Object(Config\Cache), false)
 8 SYSTEMPATH\Boot.php(312): CodeIgniter\CodeIgniter->run()
 9 SYSTEMPATH\Boot.php(67): CodeIgniter\Boot::runCodeIgniter(Object(CodeIgniter\CodeIgniter))
10 FCPATH\index.php(56): CodeIgniter\Boot::bootWeb(Object(Config\Paths))
CRITICAL - 2024-04-17 04:53:15 --> ErrorException: include(D:\git\project.nuntius\cores\nuntius\vendor\composer/../../app/Controllers/Home.php): Failed to open stream: No such file or directory
[Method: GET, Route: /]
in VENDORPATH\composer\ClassLoader.php on line 576.
 1 VENDORPATH\composer\ClassLoader.php(576): CodeIgniter\Debug\Exceptions->errorHandler(2, 'include(D:\\git\\project.nuntius\\cores\\nuntius\\vendor\\composer/../../app/Controllers/Home.php): Failed to open stream: No such file or directory', 'D:\\git\\project.nuntius\\cores\\nuntius\\vendor\\composer\\ClassLoader.php', 576)
 2 VENDORPATH\composer\ClassLoader.php(576): include()
 3 VENDORPATH\composer\ClassLoader.php(427): Composer\Autoload\{closure}('D:\\git\\project.nuntius\\cores\\nuntius\\vendor\\composer/../../app/Controllers/Home.php')
 4 [internal function]: Composer\Autoload\ClassLoader->loadClass('App\\Controllers\\Home')
 5 SYSTEMPATH\CodeIgniter.php(887): class_exists('\\App\\Controllers\\Home', true)
 6 SYSTEMPATH\CodeIgniter.php(496): CodeIgniter\CodeIgniter->startController()
 7 SYSTEMPATH\CodeIgniter.php(355): CodeIgniter\CodeIgniter->handleRequest(null, Object(Config\Cache), false)
 8 SYSTEMPATH\Boot.php(312): CodeIgniter\CodeIgniter->run()
 9 SYSTEMPATH\Boot.php(67): CodeIgniter\Boot::runCodeIgniter(Object(CodeIgniter\CodeIgniter))
10 FCPATH\index.php(56): CodeIgniter\Boot::bootWeb(Object(Config\Paths))
CRITICAL - 2024-04-17 04:53:16 --> ErrorException: include(D:\git\project.nuntius\cores\nuntius\vendor\composer/../../app/Controllers/Home.php): Failed to open stream: No such file or directory
[Method: GET, Route: /]
in VENDORPATH\composer\ClassLoader.php on line 576.
 1 VENDORPATH\composer\ClassLoader.php(576): CodeIgniter\Debug\Exceptions->errorHandler(2, 'include(D:\\git\\project.nuntius\\cores\\nuntius\\vendor\\composer/../../app/Controllers/Home.php): Failed to open stream: No such file or directory', 'D:\\git\\project.nuntius\\cores\\nuntius\\vendor\\composer\\ClassLoader.php', 576)
 2 VENDORPATH\composer\ClassLoader.php(576): include()
 3 VENDORPATH\composer\ClassLoader.php(427): Composer\Autoload\{closure}('D:\\git\\project.nuntius\\cores\\nuntius\\vendor\\composer/../../app/Controllers/Home.php')
 4 [internal function]: Composer\Autoload\ClassLoader->loadClass('App\\Controllers\\Home')
 5 SYSTEMPATH\CodeIgniter.php(887): class_exists('\\App\\Controllers\\Home', true)
 6 SYSTEMPATH\CodeIgniter.php(496): CodeIgniter\CodeIgniter->startController()
 7 SYSTEMPATH\CodeIgniter.php(355): CodeIgniter\CodeIgniter->handleRequest(null, Object(Config\Cache), false)
 8 SYSTEMPATH\Boot.php(312): CodeIgniter\CodeIgniter->run()
 9 SYSTEMPATH\Boot.php(67): CodeIgniter\Boot::runCodeIgniter(Object(CodeIgniter\CodeIgniter))
10 FCPATH\index.php(56): CodeIgniter\Boot::bootWeb(Object(Config\Paths))
CRITICAL - 2024-04-17 04:53:17 --> ErrorException: include(D:\git\project.nuntius\cores\nuntius\vendor\composer/../../app/Controllers/Home.php): Failed to open stream: No such file or directory
[Method: GET, Route: /]
in VENDORPATH\composer\ClassLoader.php on line 576.
 1 VENDORPATH\composer\ClassLoader.php(576): CodeIgniter\Debug\Exceptions->errorHandler(2, 'include(D:\\git\\project.nuntius\\cores\\nuntius\\vendor\\composer/../../app/Controllers/Home.php): Failed to open stream: No such file or directory', 'D:\\git\\project.nuntius\\cores\\nuntius\\vendor\\composer\\ClassLoader.php', 576)
 2 VENDORPATH\composer\ClassLoader.php(576): include()
 3 VENDORPATH\composer\ClassLoader.php(427): Composer\Autoload\{closure}('D:\\git\\project.nuntius\\cores\\nuntius\\vendor\\composer/../../app/Controllers/Home.php')
 4 [internal function]: Composer\Autoload\ClassLoader->loadClass('App\\Controllers\\Home')
 5 SYSTEMPATH\CodeIgniter.php(887): class_exists('\\App\\Controllers\\Home', true)
 6 SYSTEMPATH\CodeIgniter.php(496): CodeIgniter\CodeIgniter->startController()
 7 SYSTEMPATH\CodeIgniter.php(355): CodeIgniter\CodeIgniter->handleRequest(null, Object(Config\Cache), false)
 8 SYSTEMPATH\Boot.php(312): CodeIgniter\CodeIgniter->run()
 9 SYSTEMPATH\Boot.php(67): CodeIgniter\Boot::runCodeIgniter(Object(CodeIgniter\CodeIgniter))
10 FCPATH\index.php(56): CodeIgniter\Boot::bootWeb(Object(Config\Paths))
CRITICAL - 2024-04-17 04:53:17 --> ErrorException: include(D:\git\project.nuntius\cores\nuntius\vendor\composer/../../app/Controllers/Home.php): Failed to open stream: No such file or directory
[Method: GET, Route: /]
in VENDORPATH\composer\ClassLoader.php on line 576.
 1 VENDORPATH\composer\ClassLoader.php(576): CodeIgniter\Debug\Exceptions->errorHandler(2, 'include(D:\\git\\project.nuntius\\cores\\nuntius\\vendor\\composer/../../app/Controllers/Home.php): Failed to open stream: No such file or directory', 'D:\\git\\project.nuntius\\cores\\nuntius\\vendor\\composer\\ClassLoader.php', 576)
 2 VENDORPATH\composer\ClassLoader.php(576): include()
 3 VENDORPATH\composer\ClassLoader.php(427): Composer\Autoload\{closure}('D:\\git\\project.nuntius\\cores\\nuntius\\vendor\\composer/../../app/Controllers/Home.php')
 4 [internal function]: Composer\Autoload\ClassLoader->loadClass('App\\Controllers\\Home')
 5 SYSTEMPATH\CodeIgniter.php(887): class_exists('\\App\\Controllers\\Home', true)
 6 SYSTEMPATH\CodeIgniter.php(496): CodeIgniter\CodeIgniter->startController()
 7 SYSTEMPATH\CodeIgniter.php(355): CodeIgniter\CodeIgniter->handleRequest(null, Object(Config\Cache), false)
 8 SYSTEMPATH\Boot.php(312): CodeIgniter\CodeIgniter->run()
 9 SYSTEMPATH\Boot.php(67): CodeIgniter\Boot::runCodeIgniter(Object(CodeIgniter\CodeIgniter))
10 FCPATH\index.php(56): CodeIgniter\Boot::bootWeb(Object(Config\Paths))
CRITICAL - 2024-04-17 04:53:17 --> ErrorException: include(D:\git\project.nuntius\cores\nuntius\vendor\composer/../../app/Controllers/Home.php): Failed to open stream: No such file or directory
[Method: GET, Route: /]
in VENDORPATH\composer\ClassLoader.php on line 576.
 1 VENDORPATH\composer\ClassLoader.php(576): CodeIgniter\Debug\Exceptions->errorHandler(2, 'include(D:\\git\\project.nuntius\\cores\\nuntius\\vendor\\composer/../../app/Controllers/Home.php): Failed to open stream: No such file or directory', 'D:\\git\\project.nuntius\\cores\\nuntius\\vendor\\composer\\ClassLoader.php', 576)
 2 VENDORPATH\composer\ClassLoader.php(576): include()
 3 VENDORPATH\composer\ClassLoader.php(427): Composer\Autoload\{closure}('D:\\git\\project.nuntius\\cores\\nuntius\\vendor\\composer/../../app/Controllers/Home.php')
 4 [internal function]: Composer\Autoload\ClassLoader->loadClass('App\\Controllers\\Home')
 5 SYSTEMPATH\CodeIgniter.php(887): class_exists('\\App\\Controllers\\Home', true)
 6 SYSTEMPATH\CodeIgniter.php(496): CodeIgniter\CodeIgniter->startController()
 7 SYSTEMPATH\CodeIgniter.php(355): CodeIgniter\CodeIgniter->handleRequest(null, Object(Config\Cache), false)
 8 SYSTEMPATH\Boot.php(312): CodeIgniter\CodeIgniter->run()
 9 SYSTEMPATH\Boot.php(67): CodeIgniter\Boot::runCodeIgniter(Object(CodeIgniter\CodeIgniter))
10 FCPATH\index.php(56): CodeIgniter\Boot::bootWeb(Object(Config\Paths))
CRITICAL - 2024-04-17 04:53:44 --> ErrorException: include(D:\git\project.nuntius\cores\nuntius\vendor\composer/../../app/Controllers/Home.php): Failed to open stream: No such file or directory
[Method: GET, Route: /]
in VENDORPATH\composer\ClassLoader.php on line 576.
 1 VENDORPATH\composer\ClassLoader.php(576): CodeIgniter\Debug\Exceptions->errorHandler(2, 'include(D:\\git\\project.nuntius\\cores\\nuntius\\vendor\\composer/../../app/Controllers/Home.php): Failed to open stream: No such file or directory', 'D:\\git\\project.nuntius\\cores\\nuntius\\vendor\\composer\\ClassLoader.php', 576)
 2 VENDORPATH\composer\ClassLoader.php(576): include()
 3 VENDORPATH\composer\ClassLoader.php(427): Composer\Autoload\{closure}('D:\\git\\project.nuntius\\cores\\nuntius\\vendor\\composer/../../app/Controllers/Home.php')
 4 [internal function]: Composer\Autoload\ClassLoader->loadClass('App\\Controllers\\Home')
 5 SYSTEMPATH\CodeIgniter.php(887): class_exists('\\App\\Controllers\\Home', true)
 6 SYSTEMPATH\CodeIgniter.php(496): CodeIgniter\CodeIgniter->startController()
 7 SYSTEMPATH\CodeIgniter.php(355): CodeIgniter\CodeIgniter->handleRequest(null, Object(Config\Cache), false)
 8 SYSTEMPATH\Boot.php(312): CodeIgniter\CodeIgniter->run()
 9 SYSTEMPATH\Boot.php(67): CodeIgniter\Boot::runCodeIgniter(Object(CodeIgniter\CodeIgniter))
10 FCPATH\index.php(56): CodeIgniter\Boot::bootWeb(Object(Config\Paths))
CRITICAL - 2024-04-17 04:54:53 --> ErrorException: include(D:\git\project.nuntius\cores\nuntius\vendor\composer/../../app/Controllers/Home.php): Failed to open stream: No such file or directory
[Method: GET, Route: /]
in VENDORPATH\composer\ClassLoader.php on line 576.
 1 VENDORPATH\composer\ClassLoader.php(576): CodeIgniter\Debug\Exceptions->errorHandler(2, 'include(D:\\git\\project.nuntius\\cores\\nuntius\\vendor\\composer/../../app/Controllers/Home.php): Failed to open stream: No such file or directory', 'D:\\git\\project.nuntius\\cores\\nuntius\\vendor\\composer\\ClassLoader.php', 576)
 2 VENDORPATH\composer\ClassLoader.php(576): include()
 3 VENDORPATH\composer\ClassLoader.php(427): Composer\Autoload\{closure}('D:\\git\\project.nuntius\\cores\\nuntius\\vendor\\composer/../../app/Controllers/Home.php')
 4 [internal function]: Composer\Autoload\ClassLoader->loadClass('App\\Controllers\\Home')
 5 SYSTEMPATH\CodeIgniter.php(887): class_exists('\\App\\Controllers\\Home', true)
 6 SYSTEMPATH\CodeIgniter.php(496): CodeIgniter\CodeIgniter->startController()
 7 SYSTEMPATH\CodeIgniter.php(355): CodeIgniter\CodeIgniter->handleRequest(null, Object(Config\Cache), false)
 8 SYSTEMPATH\Boot.php(312): CodeIgniter\CodeIgniter->run()
 9 SYSTEMPATH\Boot.php(67): CodeIgniter\Boot::runCodeIgniter(Object(CodeIgniter\CodeIgniter))
10 FCPATH\index.php(56): CodeIgniter\Boot::bootWeb(Object(Config\Paths))
CRITICAL - 2024-04-17 04:55:24 --> ErrorException: include(D:\git\project.nuntius\cores\nuntius\vendor\composer/../../app/Controllers/Home.php): Failed to open stream: No such file or directory
[Method: GET, Route: /]
in VENDORPATH\composer\ClassLoader.php on line 576.
 1 VENDORPATH\composer\ClassLoader.php(576): CodeIgniter\Debug\Exceptions->errorHandler(2, 'include(D:\\git\\project.nuntius\\cores\\nuntius\\vendor\\composer/../../app/Controllers/Home.php): Failed to open stream: No such file or directory', 'D:\\git\\project.nuntius\\cores\\nuntius\\vendor\\composer\\ClassLoader.php', 576)
 2 VENDORPATH\composer\ClassLoader.php(576): include()
 3 VENDORPATH\composer\ClassLoader.php(427): Composer\Autoload\{closure}('D:\\git\\project.nuntius\\cores\\nuntius\\vendor\\composer/../../app/Controllers/Home.php')
 4 [internal function]: Composer\Autoload\ClassLoader->loadClass('App\\Controllers\\Home')
 5 SYSTEMPATH\CodeIgniter.php(887): class_exists('\\App\\Controllers\\Home', true)
 6 SYSTEMPATH\CodeIgniter.php(496): CodeIgniter\CodeIgniter->startController()
 7 SYSTEMPATH\CodeIgniter.php(355): CodeIgniter\CodeIgniter->handleRequest(null, Object(Config\Cache), false)
 8 SYSTEMPATH\Boot.php(312): CodeIgniter\CodeIgniter->run()
 9 SYSTEMPATH\Boot.php(67): CodeIgniter\Boot::runCodeIgniter(Object(CodeIgniter\CodeIgniter))
10 FCPATH\index.php(56): CodeIgniter\Boot::bootWeb(Object(Config\Paths))
